<?xml version="1.0" encoding="utf-8"?><testsuites name="pytest tests"><testsuite name="pytest" errors="0" failures="0" skipped="0" tests="4" time="1.042" timestamp="2026-07-07T11:58:57.769969+00:00" hostname="agent-env-2870f1ca-fbc9-4478-ba75-ca3c5cbc1757"><testcase classname="tests.backend_test" name="test_health" time="0.262" /><testcase classname="tests.backend_test.TestContact" name="test_create_and_list" time="0.313" /><testcase classname="tests.backend_test.TestContact" name="test_invalid_email" time="0.132" /><testcase classname="tests.backend_test.TestContact" name="test_missing_fields" time="0.138" /></testsuite></testsuites>