<?xml version="1.0" encoding="utf-8"?><testsuites name="pytest tests"><testsuite name="pytest" errors="0" failures="0" skipped="0" tests="6" time="2.094" timestamp="2026-07-15T19:41:37.427913+00:00" hostname="agent-env-2870f1ca-fbc9-4478-ba75-ca3c5cbc1757"><testcase classname="tests.test_contact" name="test_root" time="0.324" /><testcase classname="tests.test_contact" name="test_contact_post_valid" time="0.233" /><testcase classname="tests.test_contact" name="test_contact_post_missing_terms" time="0.152" /><testcase classname="tests.test_contact" name="test_contact_post_invalid_terms_type" time="0.174" /><testcase classname="tests.test_contact" name="test_contact_post_invalid_email" time="0.107" /><testcase classname="tests.test_contact" name="test_contact_get_no_mongo_id" time="0.136" /></testsuite></testsuites>