<?xml version="1.0" encoding="utf-8"?><testsuites name="pytest tests"><testsuite name="pytest" errors="0" failures="0" skipped="0" tests="4" time="1.203" timestamp="2026-07-09T11:21:40.204383+00:00" hostname="agent-env-2870f1ca-fbc9-4478-ba75-ca3c5cbc1757"><testcase classname="tests.backend_test.TestContact" name="test_create_and_list" time="0.331" /><testcase classname="tests.backend_test" name="test_health" time="0.334" /><testcase classname="tests.backend_test.TestContact" name="test_invalid_email" time="0.135" /><testcase classname="tests.backend_test.TestContact" name="test_missing_fields" time="0.109" /></testsuite></testsuites>